
Start time     : 2018-11-20T15:27:21
Program name   : esorex
Severity level : [ INFO  ] 

15:27:21 [ INFO  ] : This is EsoRex, version 3.13.1
15:27:21 [ INFO  ] : using the libraries: CPL = 7.1, CFITSIO = 3.41, WCSLIB = 5.17, FFTW (normal precision) = 3.3.5, FFTW (single precision) = 3.3.5-sse2, CPL FLOP counting is unavailable, enable with -DCPL_ADD_FLOPS
15:27:21 [ INFO  ] : Invocation command line was: esorex xsh_scired_slit_nod
15:27:21 [ INFO  ] :   Keep Temporary File = no
15:27:21 [ INFO  ] :   Xsh Debug Level = none
15:27:21 [ INFO  ] :   *******************************************
15:27:21 [ INFO  ] :   *** X-shooter Instrument Pipeline 3.2.0 ***
15:27:21 [ INFO  ] :   ***  Recipe: xsh_scired_slit_nod 3.2.0  ***
15:27:21 [ INFO  ] :   *******************************************
15:27:21 [ INFO  ] :     Reduce science frames in SLIT configuration and nod mode
15:27:21 [ INFO  ] : ---- Deleting Temporary Files
15:27:21 [ ERROR ] xsh_scired_slit_nod_exec: An error occurred, dumping error trace:
15:27:21 [ ERROR ] xsh_scired_slit_nod_exec:  
15:27:21 [ ERROR ] xsh_scired_slit_nod_exec: Empty frame set (Illegal input)
15:27:21 [ ERROR ] xsh_scired_slit_nod_exec:  in [3]xsh_dfs_set_groups() at xsh_dfs.c:1027
15:27:21 [ ERROR ] xsh_scired_slit_nod_exec:  
15:27:21 [ ERROR ] xsh_scired_slit_nod_exec: Illegal input
15:27:21 [ ERROR ] xsh_scired_slit_nod_exec:  in [2]xsh_begin() at xsh_utils.c:1367
15:27:21 [ ERROR ] xsh_scired_slit_nod_exec:  
15:27:21 [ ERROR ] xsh_scired_slit_nod_exec: Illegal input
15:27:21 [ ERROR ] xsh_scired_slit_nod_exec:  in [1]xsh_scired_slit_nod() at xsh_scired_slit_nod.c:590
15:27:21 [ ERROR ] xsh_scired_slit_nod_exec:  
15:27:21 [ ERROR ] : Execution of recipe 'xsh_scired_slit_nod' failed, status = 1
