
Start time     : 2018-11-13T17:47:02
Program name   : esorex
Severity level : [ INFO  ] 

17:47:02 [ INFO  ] : This is EsoRex, version 3.13.1
17:47:02 [ INFO  ] : using the libraries: CPL = 7.1, CFITSIO = 3.41, WCSLIB = 5.17, FFTW (normal precision) = 3.3.5, FFTW (single precision) = 3.3.5-sse2, CPL FLOP counting is unavailable, enable with -DCPL_ADD_FLOPS
17:47:02 [ INFO  ] : Invocation command line was: esorex --suppress-prefix=FALSE xsh_scired_slit_nod Output/xsh_scired_slit_nod_UVB.sof
17:47:03 [ INFO  ] :   Keep Temporary File = no
17:47:03 [ INFO  ] :   Xsh Debug Level = none
17:47:03 [ INFO  ] :   *******************************************
17:47:03 [ INFO  ] :   *** X-shooter Instrument Pipeline 3.2.0 ***
17:47:03 [ INFO  ] :   ***  Recipe: xsh_scired_slit_nod 3.2.0  ***
17:47:03 [ INFO  ] :   *******************************************
17:47:03 [ INFO  ] :     Reduce science frames in SLIT configuration and nod mode
17:47:03 [ INFO  ] :     Arm UVB, Mode SLIT Nb Orders 12, min: 13, max: 24
17:47:03 [ INFO  ] :   RAW files
17:47:03 [ INFO  ] :       RAW     OBJECT_SLIT_NOD_UVB  'test_data/XSHOO.2017-08-18T23:22:16.384.fits'
17:47:03 [ INFO  ] :       RAW     OBJECT_SLIT_NOD_UVB  'test_data/XSHOO.2017-08-18T23:33:52.306.fits'
17:47:03 [ INFO  ] :       RAW     OBJECT_SLIT_NOD_UVB  'test_data/XSHOO.2017-08-18T23:57:07.190.fits'
17:47:03 [ INFO  ] :       RAW     OBJECT_SLIT_NOD_UVB  'test_data/XSHOO.2017-08-18T23:45:30.358.fits'
17:47:03 [ INFO  ] :   CALIB files
17:47:03 [ INFO  ] :       CALIB   SPECTRAL_FORMAT_TAB_UVB 'static_calibs/SPECTRAL_FORMAT_TAB_UVB.fits'
17:47:03 [ INFO  ] :       CALIB   MASTER_FLAT_SLIT_UVB 'static_calibs/MASTER_FLAT_SLIT_UVB.fits'
17:47:03 [ INFO  ] :       CALIB   MASTER_BIAS_UVB      'static_calibs/MASTER_BIAS_UVB.fits'
17:47:03 [ INFO  ] :       CALIB   ORDER_TAB_EDGES_SLIT_UVB 'static_calibs/ORDER_TAB_EDGES_SLIT_UVB.fits'
17:47:03 [ INFO  ] :       CALIB   XSH_MOD_CFG_OPT_2D_UVB 'static_calibs/XSH_MOD_CFG_OPT_2D_UVB.fits'
17:47:03 [ INFO  ] :       CALIB   MASTER_BP_MAP_UVB    'static_calibs/BP_MAP_RP_UVB_1x2.fits'
17:47:03 [ INFO  ] :       CALIB   DISP_TAB_UVB         'static_calibs/DISP_TAB_UVB.fits'
17:47:03 [ INFO  ] :       CALIB   FLUX_STD_CATALOG_UVB 'static_calibs/xsh_star_catalog_uvb.fits'
17:47:03 [ INFO  ] :       CALIB   ATMOS_EXT_UVB        'static_calibs/xsh_paranal_extinct_model_uvb.fits'
17:47:03 [ INFO  ] :       CALIB   RESPONSE_MERGE1D_SLIT_UVB 'static_calibs/RESPONSE_MERGE1D_SLIT_UVB.fits'
17:47:03 [ INFO  ] :     BP_MAP_NL not provided
17:47:03 [ INFO  ] :     Use order tab: ORDER_TAB_EDGES_SLIT_UVB
17:47:03 [ INFO  ] :   RECIPE USE OPTIMISED 2D MODEL
17:47:03 [ INFO  ] :   Use DISP TAB DISP_TAB_UVB
17:47:03 [ INFO  ] :     Compute with MODEL the wave map and the slit map
17:47:03 [ INFO  ] :       XSH_FOCU1ENC_VAL =26727.000000 ( 261.569842 )
17:47:03 [ INFO  ] :       XSH_TEMP2_VAL=11.730000 [C]
17:47:03 [ INFO  ] :         Generate physical model based wave and slit maps
17:47:07 [ INFO  ] :          wave map frame SCI_SLIT_WAVE_MAP_UVB.fits SCI_SLIT_WAVE_MAP_UVB
17:47:07 [ INFO  ] :          slit map frame SCI_SLIT_SLIT_MAP_UVB.fits SCI_SLIT_SLIT_MAP_UVB
17:47:07 [ INFO  ] :       Apply pre-overscan correction 996.687
17:47:08 [ INFO  ] :       Apply pre-overscan correction 996.77
17:47:08 [ INFO  ] :       Apply pre-overscan correction 996.764
17:47:08 [ INFO  ] :       Apply pre-overscan correction 996.684
17:47:08 [ INFO  ] :   Remove crh (single frame)
17:47:08 [ INFO  ] :   removecrhsingle_niter > 0
17:47:34 [ INFO  ] :   name SCI_SLIT_NOD_NO_CRH_UVB_0.fits cumoffset 2.243447 -0.472264 reloffset 2.243447 -0.472264 nod_seq_number : A1
17:47:34 [ INFO  ] :       size=1
17:47:34 [ INFO  ] :   name SCI_SLIT_NOD_NO_CRH_UVB_1.fits cumoffset -2.206678 0.464523 reloffset -4.450125 0.936787 nod_seq_number : B1
17:47:34 [ INFO  ] :       size=1
17:47:35 [ INFO  ] :   name SCI_SLIT_NOD_NO_CRH_UVB_2.fits cumoffset -2.337181 0.491995 reloffset -0.130503 0.027472 nod_seq_number : B2
17:47:35 [ INFO  ] :       size=1
17:47:35 [ INFO  ] :   name SCI_SLIT_NOD_NO_CRH_UVB_3.fits cumoffset 2.602677 -0.547884 reloffset 4.939858 -1.039880 nod_seq_number : B3
17:47:35 [ INFO  ] :       size=1
17:47:37 [ INFO  ] :   Method fast
17:47:37 [ INFO  ] :     Divide by flat
17:47:37 [ INFO  ] :     sci name: SUBTRACTED_NOD_AB_0_UVB.fits flat name: static_calibs/MASTER_FLAT_SLIT_UVB.fits
17:47:37 [ INFO  ] :       SLIT : (-5.300,5.700) used only (-5.300,5.420) in 68 elts
17:47:37 [ INFO  ] :           XSH_FOCU1ENC_VAL =26727.000000 ( 261.601522 )
17:47:37 [ INFO  ] :           XSH_TEMP2_VAL=11.730000 [C]
17:47:37 [ INFO  ] :         ===== Solution type MODEL
17:47:45 [ INFO  ] :         POSANG -1.778275 (rad) REF CUM_(RA DEC) : 2.243447 -0.472264 
17:47:45 [ INFO  ] :         OBJ CUM_(RA DEC) : 2.243447 -0.472264 
17:47:45 [ INFO  ] :         REL_(RA DEC) :  -4.450125 0.936787
17:47:45 [ INFO  ] :         COMPUTE OFF_(RA DEC) : 0.000000 0.000000
17:47:45 [ INFO  ] :         COMPUTE shift in arcsec 0.000000 :
17:47:45 [ INFO  ] :       SHIFT A-->B : 0.000000 in arcsec
17:47:45 [ INFO  ] :         POSANG -1.778275 (rad) REF CUM_(RA DEC) : 2.243447 -0.472264 
17:47:45 [ INFO  ] :         OBJ CUM_(RA DEC) : -2.206678 0.464523 
17:47:45 [ INFO  ] :         REL_(RA DEC) :  -4.450125 0.936787
17:47:45 [ INFO  ] :         COMPUTE OFF_(RA DEC) : -4.450125 0.936787
17:47:45 [ INFO  ] :         COMPUTE shift in arcsec -4.547657 :
17:47:45 [ INFO  ] :       SHIFT A-->B : -4.480000 in arcsec
17:47:46 [ INFO  ] :       SLIT : (-5.300,5.700) used only (-5.300,5.420) in 68 elts
17:47:46 [ INFO  ] :           XSH_FOCU1ENC_VAL =26727.000000 ( 261.633203 )
17:47:46 [ INFO  ] :           XSH_TEMP2_VAL=11.730000 [C]
17:47:46 [ INFO  ] :         ===== Solution type MODEL
17:47:53 [ INFO  ] :         POSANG -1.778275 (rad) REF CUM_(RA DEC) : 2.243447 -0.472264 
17:47:53 [ INFO  ] :         OBJ CUM_(RA DEC) : 2.243447 -0.472264 
17:47:53 [ INFO  ] :         REL_(RA DEC) :  -4.450125 0.936787
17:47:53 [ INFO  ] :         COMPUTE OFF_(RA DEC) : 0.000000 0.000000
17:47:53 [ INFO  ] :         COMPUTE shift in arcsec 0.000000 :
17:47:53 [ INFO  ] :       SHIFT A-->B : 0.000000 in arcsec
17:47:54 [ INFO  ] :         POSANG -1.778275 (rad) REF CUM_(RA DEC) : 2.243447 -0.472264 
17:47:54 [ INFO  ] :         OBJ CUM_(RA DEC) : -2.206678 0.464523 
17:47:54 [ INFO  ] :         REL_(RA DEC) :  -4.450125 0.936787
17:47:54 [ INFO  ] :         COMPUTE OFF_(RA DEC) : -4.450125 0.936787
17:47:54 [ INFO  ] :         COMPUTE shift in arcsec -4.547657 :
17:47:54 [ INFO  ] :       SHIFT A-->B : -4.480000 in arcsec
17:47:55 [ INFO  ] :     Divide by flat
17:47:55 [ INFO  ] :     sci name: SUBTRACTED_NOD_AB_1_UVB.fits flat name: static_calibs/MASTER_FLAT_SLIT_UVB.fits
17:47:55 [ INFO  ] :       SLIT : (-5.300,5.700) used only (-5.300,5.420) in 68 elts
17:47:55 [ INFO  ] :           XSH_FOCU1ENC_VAL =26727.000000 ( 261.664884 )
17:47:55 [ INFO  ] :           XSH_TEMP2_VAL=11.780000 [C]
17:47:55 [ INFO  ] :         ===== Solution type MODEL
17:48:02 [ INFO  ] :         POSANG -1.778275 (rad) REF CUM_(RA DEC) : 2.243447 -0.472264 
17:48:02 [ INFO  ] :         OBJ CUM_(RA DEC) : -2.337181 0.491995 
17:48:02 [ INFO  ] :         REL_(RA DEC) :  4.939858 -1.039880
17:48:02 [ INFO  ] :         COMPUTE OFF_(RA DEC) : -4.580628 0.964259
17:48:02 [ INFO  ] :         COMPUTE shift in arcsec -4.681020 :
17:48:02 [ INFO  ] :       SHIFT A-->B : -4.640000 in arcsec
17:48:03 [ INFO  ] :         POSANG -1.778275 (rad) REF CUM_(RA DEC) : 2.243447 -0.472264 
17:48:03 [ INFO  ] :         OBJ CUM_(RA DEC) : 2.602677 -0.547884 
17:48:03 [ INFO  ] :         REL_(RA DEC) :  4.939858 -1.039880
17:48:03 [ INFO  ] :         COMPUTE OFF_(RA DEC) : 0.359230 -0.075620
17:48:03 [ INFO  ] :         COMPUTE shift in arcsec 0.367103 :
17:48:03 [ INFO  ] :       SHIFT A-->B : 0.320000 in arcsec
17:48:03 [ INFO  ] :       SLIT : (-5.300,5.700) used only (-5.300,5.420) in 68 elts
17:48:03 [ INFO  ] :           XSH_FOCU1ENC_VAL =26727.000000 ( 261.696564 )
17:48:03 [ INFO  ] :           XSH_TEMP2_VAL=11.780000 [C]
17:48:03 [ INFO  ] :         ===== Solution type MODEL
17:48:11 [ INFO  ] :         POSANG -1.778275 (rad) REF CUM_(RA DEC) : 2.243447 -0.472264 
17:48:11 [ INFO  ] :         OBJ CUM_(RA DEC) : -2.337181 0.491995 
17:48:11 [ INFO  ] :         REL_(RA DEC) :  4.939858 -1.039880
17:48:11 [ INFO  ] :         COMPUTE OFF_(RA DEC) : -4.580628 0.964259
17:48:11 [ INFO  ] :         COMPUTE shift in arcsec -4.681020 :
17:48:11 [ INFO  ] :       SHIFT A-->B : -4.640000 in arcsec
17:48:11 [ INFO  ] :         POSANG -1.778275 (rad) REF CUM_(RA DEC) : 2.243447 -0.472264 
17:48:11 [ INFO  ] :         OBJ CUM_(RA DEC) : 2.602677 -0.547884 
17:48:11 [ INFO  ] :         REL_(RA DEC) :  4.939858 -1.039880
17:48:11 [ INFO  ] :         COMPUTE OFF_(RA DEC) : 0.359230 -0.075620
17:48:11 [ INFO  ] :         COMPUTE shift in arcsec 0.367103 :
17:48:11 [ INFO  ] :       SHIFT A-->B : 0.320000 in arcsec
17:48:12 [ INFO  ] :   ---xsh_combine_nod (method MEAN) - Nb frames = 4
17:48:13 [ INFO  ] :   Combine nod slit : (-9.940001,5.740000) step 0.160000 nslit 99
17:48:13 [ INFO  ] :   Nod combination save extra files to evaluate pixel scaling
17:48:29 [ INFO  ] :   combine-nod: scale flagged pixel
17:48:29 [ INFO  ] :   combine-nod: scale flagged pixel
17:48:29 [ INFO  ] :   combine-nod: scale flagged pixel
17:48:29 [ INFO  ] :   combine-nod: scale flagged pixel
17:48:30 [ INFO  ] :   combine-nod: scale flagged pixel
17:48:30 [ INFO  ] :   combine-nod: scale flagged pixel
17:48:30 [ INFO  ] :   combine-nod: scale flagged pixel
17:48:30 [ INFO  ] :   combine-nod: scale flagged pixel
17:48:30 [ INFO  ] :   combine-nod: scale flagged pixel
17:48:30 [ INFO  ] :   combine-nod: scale flagged pixel
17:48:31 [ INFO  ] :   combine-nod: scale flagged pixel
17:48:31 [ INFO  ] :   combine-nod: scale flagged pixel
17:48:31 [ INFO  ] :   slit index: min -9.940001 max=5.740000
17:48:31 [ INFO  ] :   Merge slit orders
17:48:32 [ INFO  ] : Extract 1D order-by-order spectrum
17:48:32 [ INFO  ] :     Extract method clean with tag
17:48:32 [ INFO  ] :     nod_throw=5 slit_step=0.16 nslit=99 hslit=16
17:48:32 [ INFO  ] :     after slit min: 33 max: 65
17:48:32 [ INFO  ] :     Number of orders=12
17:48:32 [ INFO  ] :     Object extraction limits: [34,65] [bin]/[-4.5,0.459999] [arcsec]
17:48:32 [ INFO  ] : Merge orders with 1D frame
17:48:32 [ INFO  ] :   Merge slit orders
17:48:32 [ INFO  ] :   No telluric mask
17:48:46 [ INFO  ] :       Multiply by response function
17:48:46 [ INFO  ] :       Merge slit orders
17:48:47 [ INFO  ] :     tag=SCI_SLIT_ORDER1D_UVB
17:48:47 [ INFO  ] :     file_tag1=SCI_SLIT_NORM_ORDER1D_UVB
17:48:47 [ INFO  ] :       Multiply by response function
17:48:47 [ INFO  ] :       Merge slit orders
17:48:48 [ INFO  ] :     file_tag2=SCI_SLIT_FLUX_ORDER1D_UVB
17:48:48 [ INFO  ] :   process frame SCI_SLIT_ORDER1D_UVB.fits SCI_SLIT_ORDER1D_UVB
17:48:48 [ INFO  ] :   ORDER1D
17:48:49 [ INFO  ] :   processed frame SCI_SLIT_ORDER1D_UVB
17:48:49 [ INFO  ] :   process frame SCI_SLIT_MERGE1D_UVB.fits SCI_SLIT_MERGE1D_UVB
17:48:49 [ INFO  ] :   MERGE1D
17:48:49 [ INFO  ] :   processed frame SCI_SLIT_MERGE1D_UVB
17:48:50 [ INFO  ] :   process frame SCI_SLIT_FLUX_ORDER1D_UVB.fits SCI_SLIT_FLUX_ORDER1D_UVB
17:48:50 [ INFO  ] :   ORDER1D
17:48:50 [ INFO  ] :   processed frame SCI_SLIT_FLUX_ORDER1D_UVB
17:48:50 [ INFO  ] :   process frame SCI_SLIT_FLUX_MERGE1D_UVB.fits SCI_SLIT_FLUX_MERGE1D_UVB
17:48:50 [ INFO  ] :   MERGE1D
17:48:50 [ INFO  ] :   processed frame SCI_SLIT_FLUX_MERGE1D_UVB
17:48:50 [ INFO  ] :   fname=SCI_SLIT_ORDER2D_UVB.fits
17:48:51 [ INFO  ] :   fname=SCI_SLIT_FLUX_ORDER2D_UVB.fits
17:48:52 [ INFO  ] :   fname=SCI_SLIT_FLUX_MERGE2D_UVB.fits
17:48:52 [ INFO  ] :   recipe_id=xsh_scired_slit_nod
17:48:52 [ INFO  ] :   Final product name: SCI_SLIT_ORDER2D_UVB.fits
17:48:52 [ INFO  ] :   Final product name: SCI_SLIT_ORDER1D_UVB.fits
17:48:52 [ INFO  ] :   Fix key
17:48:53 [ INFO  ] :   recipe_id=xsh_scired_slit_nod
17:48:53 [ INFO  ] :   Final product name: SCI_SLIT_WAVE_MAP_UVB.fits
17:48:53 [ INFO  ] :   recipe_id=xsh_scired_slit_nod
17:48:53 [ INFO  ] :   Final product name: SCI_SLIT_SLIT_MAP_UVB.fits
17:48:53 [ INFO  ] :   recipe_id=xsh_scired_slit_nod
17:48:53 [ INFO  ] :   Final product name: SCI_SLIT_FLUX_ORDER2D_UVB.fits
17:48:53 [ INFO  ] :   Final product name: SCI_SLIT_FLUX_ORDER1D_UVB.fits
17:48:53 [ INFO  ] :   Fix key
17:48:54 [ INFO  ] : PRODUCT SCI_SLIT_ORDER2D_UVB 'SCI_SLIT_ORDER2D_UVB.fits'
17:48:54 [ INFO  ] : PRODUCT SCI_SLIT_ORDER1D_UVB 'SCI_SLIT_ORDER1D_UVB.fits'
17:48:54 [ INFO  ] : PRODUCT SCI_SLIT_MERGE2D_UVB 'SCI_SLIT_MERGE2D_UVB.fits'
17:48:54 [ INFO  ] : PRODUCT SCI_SLIT_MERGE1D_UVB 'SCI_SLIT_MERGE1D_UVB.fits'
17:48:54 [ INFO  ] : PRODUCT SCI_SLIT_WAVE_MAP_UVB 'SCI_SLIT_WAVE_MAP_UVB.fits'
17:48:54 [ INFO  ] : PRODUCT SCI_SLIT_SLIT_MAP_UVB 'SCI_SLIT_SLIT_MAP_UVB.fits'
17:48:54 [ INFO  ] : PRODUCT SCI_SLIT_FLUX_ORDER2D_UVB 'SCI_SLIT_FLUX_ORDER2D_UVB.fits'
17:48:54 [ INFO  ] : PRODUCT SCI_SLIT_FLUX_ORDER1D_UVB 'SCI_SLIT_FLUX_ORDER1D_UVB.fits'
17:48:54 [ INFO  ] : PRODUCT SCI_SLIT_FLUX_MERGE2D_UVB 'SCI_SLIT_FLUX_MERGE2D_UVB.fits'
17:48:54 [ INFO  ] : PRODUCT SCI_SLIT_FLUX_MERGE1D_UVB 'SCI_SLIT_FLUX_MERGE1D_UVB.fits'
17:48:54 [ INFO  ] : ---- Deleting Temporary Files
17:48:54 [ INFO  ] :     'local_cfg_name_UVB.fits'
17:48:54 [ INFO  ] :     'PREOVER_COR_XSHOO.2017-08-18T23:22:16.384.fits'
17:48:54 [ INFO  ] :     'OBJECT_SLIT_NOD_PRE_0.fits'
17:48:54 [ INFO  ] :     'PREOVER_COR_XSHOO.2017-08-18T23:33:52.306.fits'
17:48:54 [ INFO  ] :     'OBJECT_SLIT_NOD_PRE_1.fits'
17:48:54 [ INFO  ] :     'PREOVER_COR_XSHOO.2017-08-18T23:45:30.358.fits'
17:48:54 [ INFO  ] :     'OBJECT_SLIT_NOD_PRE_2.fits'
17:48:54 [ INFO  ] :     'PREOVER_COR_XSHOO.2017-08-18T23:57:07.190.fits'
17:48:54 [ INFO  ] :     'OBJECT_SLIT_NOD_PRE_3.fits'
17:48:54 [ INFO  ] :     'SCI_SLIT_NOD_NO_CRH_UVB_0.fits'
17:48:54 [ INFO  ] :     'SCI_SLIT_NOD_NO_CRH_UVB_1.fits'
17:48:54 [ INFO  ] :     'SCI_SLIT_NOD_NO_CRH_UVB_2.fits'
17:48:54 [ INFO  ] :     'SCI_SLIT_NOD_NO_CRH_UVB_3.fits'
17:48:54 [ INFO  ] :     'med_A1.fits'
17:48:54 [ INFO  ] :     'med_A1.fits'
17:48:54 [ INFO  ] :     'med_B1.fits'
17:48:54 [ INFO  ] :     'med_B1.fits'
17:48:54 [ INFO  ] :     'med_B2.fits'
17:48:54 [ INFO  ] :     'med_B2.fits'
17:48:54 [ INFO  ] :     'med_B3.fits'
17:48:54 [ INFO  ] :     'med_B3.fits'
17:48:54 [ INFO  ] :     'SUBTRACTED_NOD_AB_0_UVB.fits'
17:48:54 [ INFO  ] :     'SUBTRACTED_NOD_AB_0_UVB.fits'
17:48:54 [ INFO  ] :     'SUBTRACTED_NOD_AB_0_UVB.fits'
17:48:54 [ INFO  ] :     'SUBTRACTED_NOD_AB_1_UVB.fits'
17:48:54 [ INFO  ] :     'SUBTRACTED_NOD_AB_1_UVB.fits'
17:48:54 [ INFO  ] :     'SUBTRACTED_NOD_AB_1_UVB.fits'
17:48:54 [ INFO  ] :     'DIV2_FLATFIELD_UVB.fits'
17:48:54 [ INFO  ] :     'local_cfg_name_UVB.fits'
17:48:54 [ INFO  ] :     'DRL_REC2_RECTIFIED_SUBTRACTED_NOD_AB_0_UVB.fits'
17:48:54 [ INFO  ] :     'TAB_REC2_RECTIFIED_SUBTRACTED_NOD_AB_0_UVB.fits'
17:48:54 [ INFO  ] :     'TAB_REC2_RECTIFIED_SUBTRACTED_NOD_AB_0_UVB.fits'
17:48:54 [ INFO  ] :     'REC2_RECTIFIED_SUBTRACTED_NOD_AB_0_UVB.fits'
17:48:54 [ INFO  ] :     'MED_COR_DRL_REC2_RECTIFIED_SUBTRACTED_NOD_AB_0_UVB.fits'
17:48:54 [ INFO  ] :     'DRL_SHIFT2_RECTIFIED_SUBTRACTED_NOD_AB_0_UVB.fits'
17:48:54 [ INFO  ] :     'SHIFT2_RECTIFIED_SUBTRACTED_NOD_AB_0_UVB.fits'
17:48:54 [ INFO  ] :     'REC1_FAST_RECTIFIED_SUBTRACTED_NOD_AB_0_UVB.fits.fits'
17:48:54 [ INFO  ] :     'DRL_SHIFT1_FAST_RECTIFIED_SUBTRACTED_NOD_AB_0_UVB.fits'
17:48:54 [ INFO  ] :     'SHIFT1_FAST_RECTIFIED_SUBTRACTED_NOD_AB_0_UVB.fits'
17:48:54 [ INFO  ] :     'local_cfg_name_UVB.fits'
17:48:54 [ INFO  ] :     'DRL_REC2_EFF_SUBTRACTED_NOD_AB_0_UVB.fits'
17:48:54 [ INFO  ] :     'TAB_REC2_EFF_SUBTRACTED_NOD_AB_0_UVB.fits'
17:48:54 [ INFO  ] :     'TAB_REC2_EFF_SUBTRACTED_NOD_AB_0_UVB.fits'
17:48:54 [ INFO  ] :     'REC2_EFF_SUBTRACTED_NOD_AB_0_UVB.fits'
17:48:54 [ INFO  ] :     'MED_COR_DRL_REC2_EFF_SUBTRACTED_NOD_AB_0_UVB.fits'
17:48:54 [ INFO  ] :     'DRL_SHIFT2_EFF_SUBTRACTED_NOD_AB_0_UVB.fits'
17:48:54 [ INFO  ] :     'SHIFT2_EFF_SUBTRACTED_NOD_AB_0_UVB.fits'
17:48:54 [ INFO  ] :     'REC1_FAST_EFF_SUBTRACTED_NOD_AB_0_UVB.fits.fits'
17:48:54 [ INFO  ] :     'DRL_SHIFT1_FAST_EFF_SUBTRACTED_NOD_AB_0_UVB.fits'
17:48:54 [ INFO  ] :     'SHIFT1_FAST_EFF_SUBTRACTED_NOD_AB_0_UVB.fits'
17:48:54 [ INFO  ] :     'DIV2_FLATFIELD_UVB.fits'
17:48:54 [ INFO  ] :     'local_cfg_name_UVB.fits'
17:48:54 [ INFO  ] :     'DRL_REC2_RECTIFIED_SUBTRACTED_NOD_AB_1_UVB.fits'
17:48:54 [ INFO  ] :     'TAB_REC2_RECTIFIED_SUBTRACTED_NOD_AB_1_UVB.fits'
17:48:54 [ INFO  ] :     'TAB_REC2_RECTIFIED_SUBTRACTED_NOD_AB_1_UVB.fits'
17:48:54 [ INFO  ] :     'REC2_RECTIFIED_SUBTRACTED_NOD_AB_1_UVB.fits'
17:48:54 [ INFO  ] :     'MED_COR_DRL_REC2_RECTIFIED_SUBTRACTED_NOD_AB_1_UVB.fits'
17:48:54 [ INFO  ] :     'DRL_SHIFT2_RECTIFIED_SUBTRACTED_NOD_AB_1_UVB.fits'
17:48:54 [ INFO  ] :     'SHIFT2_RECTIFIED_SUBTRACTED_NOD_AB_1_UVB.fits'
17:48:54 [ INFO  ] :     'REC1_FAST_RECTIFIED_SUBTRACTED_NOD_AB_1_UVB.fits.fits'
17:48:54 [ INFO  ] :     'DRL_SHIFT1_FAST_RECTIFIED_SUBTRACTED_NOD_AB_1_UVB.fits'
17:48:54 [ INFO  ] :     'SHIFT1_FAST_RECTIFIED_SUBTRACTED_NOD_AB_1_UVB.fits'
17:48:54 [ INFO  ] :     'local_cfg_name_UVB.fits'
17:48:54 [ INFO  ] :     'DRL_REC2_EFF_SUBTRACTED_NOD_AB_1_UVB.fits'
17:48:54 [ INFO  ] :     'TAB_REC2_EFF_SUBTRACTED_NOD_AB_1_UVB.fits'
17:48:54 [ INFO  ] :     'TAB_REC2_EFF_SUBTRACTED_NOD_AB_1_UVB.fits'
17:48:54 [ INFO  ] :     'REC2_EFF_SUBTRACTED_NOD_AB_1_UVB.fits'
17:48:54 [ INFO  ] :     'MED_COR_DRL_REC2_EFF_SUBTRACTED_NOD_AB_1_UVB.fits'
17:48:54 [ INFO  ] :     'DRL_SHIFT2_EFF_SUBTRACTED_NOD_AB_1_UVB.fits'
17:48:54 [ INFO  ] :     'SHIFT2_EFF_SUBTRACTED_NOD_AB_1_UVB.fits'
17:48:54 [ INFO  ] :     'REC1_FAST_EFF_SUBTRACTED_NOD_AB_1_UVB.fits.fits'
17:48:54 [ INFO  ] :     'DRL_SHIFT1_FAST_EFF_SUBTRACTED_NOD_AB_1_UVB.fits'
17:48:54 [ INFO  ] :     'SHIFT1_FAST_EFF_SUBTRACTED_NOD_AB_1_UVB.fits'
17:48:54 [ INFO  ] :     'input_resampled_0.fits'
17:48:54 [ INFO  ] :     'input_resampled_1.fits'
17:48:54 [ INFO  ] :     'input_resampled_2.fits'
17:48:54 [ INFO  ] :     'input_resampled_3.fits'
17:48:54 [ INFO  ] :     'input_resampled_shifted_0.fits'
17:48:54 [ INFO  ] :     'input_resampled_shifted_0.fits'
17:48:54 [ INFO  ] :     'input_resampled_shifted_0.fits'
17:48:54 [ INFO  ] :     'input_resampled_shifted_0.fits'
17:48:54 [ INFO  ] :     'input_resampled_shifted_0.fits'
17:48:54 [ INFO  ] :     'input_resampled_shifted_0.fits'
17:48:54 [ INFO  ] :     'input_resampled_shifted_0.fits'
17:48:54 [ INFO  ] :     'input_resampled_shifted_0.fits'
17:48:54 [ INFO  ] :     'input_resampled_shifted_0.fits'
17:48:54 [ INFO  ] :     'input_resampled_shifted_0.fits'
17:48:54 [ INFO  ] :     'input_resampled_shifted_0.fits'
17:48:54 [ INFO  ] :     'input_resampled_shifted_0.fits'
17:48:54 [ INFO  ] :     'input_resampled_shifted_1.fits'
17:48:54 [ INFO  ] :     'input_resampled_shifted_1.fits'
17:48:54 [ INFO  ] :     'input_resampled_shifted_1.fits'
17:48:54 [ INFO  ] :     'input_resampled_shifted_1.fits'
17:48:54 [ INFO  ] :     'input_resampled_shifted_1.fits'
17:48:54 [ INFO  ] :     'input_resampled_shifted_1.fits'
17:48:54 [ INFO  ] :     'input_resampled_shifted_1.fits'
17:48:54 [ INFO  ] :     'input_resampled_shifted_1.fits'
17:48:54 [ INFO  ] :     'input_resampled_shifted_1.fits'
17:48:54 [ INFO  ] :     'input_resampled_shifted_1.fits'
17:48:54 [ INFO  ] :     'input_resampled_shifted_1.fits'
17:48:54 [ INFO  ] :     'input_resampled_shifted_1.fits'
17:48:54 [ INFO  ] :     'input_resampled_shifted_2.fits'
17:48:54 [ INFO  ] :     'input_resampled_shifted_2.fits'
17:48:54 [ INFO  ] :     'input_resampled_shifted_2.fits'
17:48:54 [ INFO  ] :     'input_resampled_shifted_2.fits'
17:48:54 [ INFO  ] :     'input_resampled_shifted_2.fits'
17:48:54 [ INFO  ] :     'input_resampled_shifted_2.fits'
17:48:54 [ INFO  ] :     'input_resampled_shifted_2.fits'
17:48:54 [ INFO  ] :     'input_resampled_shifted_2.fits'
17:48:54 [ INFO  ] :     'input_resampled_shifted_2.fits'
17:48:54 [ INFO  ] :     'input_resampled_shifted_2.fits'
17:48:54 [ INFO  ] :     'input_resampled_shifted_2.fits'
17:48:54 [ INFO  ] :     'input_resampled_shifted_2.fits'
17:48:54 [ INFO  ] :     'input_resampled_shifted_3.fits'
17:48:54 [ INFO  ] :     'input_resampled_shifted_3.fits'
17:48:54 [ INFO  ] :     'input_resampled_shifted_3.fits'
17:48:54 [ INFO  ] :     'input_resampled_shifted_3.fits'
17:48:54 [ INFO  ] :     'input_resampled_shifted_3.fits'
17:48:54 [ INFO  ] :     'input_resampled_shifted_3.fits'
17:48:54 [ INFO  ] :     'input_resampled_shifted_3.fits'
17:48:54 [ INFO  ] :     'input_resampled_shifted_3.fits'
17:48:54 [ INFO  ] :     'input_resampled_shifted_3.fits'
17:48:54 [ INFO  ] :     'input_resampled_shifted_3.fits'
17:48:54 [ INFO  ] :     'input_resampled_shifted_3.fits'
17:48:54 [ INFO  ] :     'input_resampled_shifted_3.fits'
17:48:54 [ INFO  ] :     'DRL_SCI_SLIT_ORDER2D_UVB.fits'
17:48:54 [ INFO  ] :     'SCI_SLIT_ORDER1D_UVB_DRL.fits'
17:48:54 [ INFO  ] :     'SCI_SLIT_NORM_ORDER2D_UVB.fits'
17:48:54 [ INFO  ] :     'SCI_SLIT_NORM_ORDER1D_UVB.fits'
17:48:54 [ INFO  ] :     'tmp_ima.fits'
17:48:54 [ INFO  ] :     'tmp_ima.fits'
17:48:54 [ INFO  ] :     'tmp_ima.fits'
17:48:54 [ INFO  ] :     'tmp_ima.fits'
17:48:54 [ INFO  ] :     'tmp_ima.fits'
17:48:54 [ INFO  ] :     'tmp_spc.fits'
17:48:54 [ INFO  ] :     'tmp_ima.fits'
17:48:54 [ INFO  ] :     'tmp_ima.fits'
17:48:54 [ INFO  ] :     'tmp_ima.fits'
17:48:54 [ INFO  ] :     'tmp_spc.fits'
17:48:54 [ INFO  ] : Calculating product checksums
17:48:55 [ INFO  ] : Created product /Users/jonatanselsing/github/XSHPipelineManager/UVB/out_0000.fits
17:48:55 [ INFO  ] : Created product /Users/jonatanselsing/github/XSHPipelineManager/UVB/out_0001.fits
17:48:55 [ INFO  ] : Created product /Users/jonatanselsing/github/XSHPipelineManager/UVB/out_0002.fits
17:48:55 [ INFO  ] : Created product /Users/jonatanselsing/github/XSHPipelineManager/UVB/out_0003.fits
17:48:55 [ INFO  ] : Created product /Users/jonatanselsing/github/XSHPipelineManager/UVB/out_0004.fits
17:48:55 [ INFO  ] : Created product /Users/jonatanselsing/github/XSHPipelineManager/UVB/out_0005.fits
17:48:55 [ INFO  ] : Created product /Users/jonatanselsing/github/XSHPipelineManager/UVB/out_0006.fits
17:48:55 [ INFO  ] : Created product /Users/jonatanselsing/github/XSHPipelineManager/UVB/out_0007.fits
17:48:55 [ INFO  ] : Created product /Users/jonatanselsing/github/XSHPipelineManager/UVB/out_0008.fits
17:48:55 [ INFO  ] : Created product /Users/jonatanselsing/github/XSHPipelineManager/UVB/out_0009.fits
17:48:55 [ INFO  ] : 10 products created
17:48:55 [ INFO  ] : Recipe operation(s) took            112 seconds to complete.
17:48:55 [ INFO  ] : Total size of 4 raw input frames  =    25.91 MB

17:48:55 [ INFO  ] : => processing rate of     0.23 MB/sec 

